{"E:\\electronProject\\kekeYueDu\\server\\utils\\validator.cjs": {"path":"E:\\electronProject\\kekeYueDu\\server\\utils\\validator.cjs","statementMap":{"0":{"start":{"line":1,"column":21},"end":{"line":1,"column":null}},"1":{"start":{"line":9,"column":2},"end":{"line":9,"column":null}},"2":{"start":{"line":9,"column":13},"end":{"line":9,"column":null}},"3":{"start":{"line":11,"column":2},"end":{"line":47,"column":null}},"4":{"start":{"line":56,"column":2},"end":{"line":56,"column":null}},"5":{"start":{"line":56,"column":13},"end":{"line":56,"column":null}},"6":{"start":{"line":58,"column":2},"end":{"line":64,"column":null}},"7":{"start":{"line":73,"column":2},"end":{"line":75,"column":null}},"8":{"start":{"line":74,"column":4},"end":{"line":74,"column":null}},"9":{"start":{"line":77,"column":18},"end":{"line":77,"column":null}},"10":{"start":{"line":79,"column":2},"end":{"line":85,"column":null}},"11":{"start":{"line":80,"column":4},"end":{"line":84,"column":null}},"12":{"start":{"line":87,"column":2},"end":{"line":93,"column":null}},"13":{"start":{"line":88,"column":4},"end":{"line":92,"column":null}},"14":{"start":{"line":96,"column":2},"end":{"line":102,"column":null}},"15":{"start":{"line":97,"column":4},"end":{"line":101,"column":null}},"16":{"start":{"line":104,"column":2},"end":{"line":104,"column":null}},"17":{"start":{"line":113,"column":2},"end":{"line":115,"column":null}},"18":{"start":{"line":114,"column":4},"end":{"line":114,"column":null}},"19":{"start":{"line":117,"column":2},"end":{"line":119,"column":null}},"20":{"start":{"line":118,"column":4},"end":{"line":118,"column":null}},"21":{"start":{"line":121,"column":2},"end":{"line":123,"column":null}},"22":{"start":{"line":122,"column":4},"end":{"line":122,"column":null}},"23":{"start":{"line":125,"column":20},"end":{"line":125,"column":null}},"24":{"start":{"line":126,"column":20},"end":{"line":126,"column":null}},"25":{"start":{"line":128,"column":2},"end":{"line":130,"column":null}},"26":{"start":{"line":129,"column":4},"end":{"line":129,"column":null}},"27":{"start":{"line":132,"column":2},"end":{"line":132,"column":null}},"28":{"start":{"line":141,"column":2},"end":{"line":143,"column":null}},"29":{"start":{"line":142,"column":4},"end":{"line":142,"column":58}},"30":{"start":{"line":145,"column":18},"end":{"line":145,"column":null}},"31":{"start":{"line":146,"column":21},"end":{"line":146,"column":null}},"32":{"start":{"line":148,"column":2},"end":{"line":150,"column":null}},"33":{"start":{"line":149,"column":4},"end":{"line":149,"column":null}},"34":{"start":{"line":152,"column":2},"end":{"line":152,"column":null}},"35":{"start":{"line":161,"column":2},"end":{"line":168,"column":null}},"36":{"start":{"line":162,"column":4},"end":{"line":167,"column":null}},"37":{"start":{"line":170,"column":18},"end":{"line":170,"column":null}},"38":{"start":{"line":172,"column":2},"end":{"line":179,"column":null}},"39":{"start":{"line":173,"column":4},"end":{"line":178,"column":null}},"40":{"start":{"line":181,"column":2},"end":{"line":188,"column":null}},"41":{"start":{"line":182,"column":4},"end":{"line":187,"column":null}},"42":{"start":{"line":191,"column":24},"end":{"line":191,"column":null}},"43":{"start":{"line":192,"column":24},"end":{"line":192,"column":null}},"44":{"start":{"line":194,"column":2},"end":{"line":201,"column":null}},"45":{"start":{"line":195,"column":4},"end":{"line":200,"column":null}},"46":{"start":{"line":203,"column":2},"end":{"line":208,"column":null}},"47":{"start":{"line":218,"column":16},"end":{"line":218,"column":null}},"48":{"start":{"line":219,"column":20},"end":{"line":219,"column":null}},"49":{"start":{"line":221,"column":2},"end":{"line":223,"column":null}},"50":{"start":{"line":222,"column":4},"end":{"line":222,"column":null}},"51":{"start":{"line":225,"column":2},"end":{"line":227,"column":null}},"52":{"start":{"line":226,"column":4},"end":{"line":226,"column":20}},"53":{"start":{"line":229,"column":2},"end":{"line":233,"column":null}},"54":{"start":{"line":236,"column":0},"end":{"line":244,"column":null}}},"fnMap":{"0":{"name":"sanitizeHtmlContent","decl":{"start":{"line":8,"column":9},"end":{"line":8,"column":28}},"loc":{"start":{"line":8,"column":35},"end":{"line":48,"column":null}},"line":8},"1":{"name":"extractTextFromHtml","decl":{"start":{"line":55,"column":9},"end":{"line":55,"column":28}},"loc":{"start":{"line":55,"column":35},"end":{"line":65,"column":null}},"line":55},"2":{"name":"validateUsername","decl":{"start":{"line":72,"column":9},"end":{"line":72,"column":25}},"loc":{"start":{"line":72,"column":36},"end":{"line":105,"column":null}},"line":72},"3":{"name":"validatePassword","decl":{"start":{"line":112,"column":9},"end":{"line":112,"column":25}},"loc":{"start":{"line":112,"column":36},"end":{"line":133,"column":null}},"line":112},"4":{"name":"validateEmail","decl":{"start":{"line":140,"column":9},"end":{"line":140,"column":22}},"loc":{"start":{"line":140,"column":30},"end":{"line":153,"column":null}},"line":140},"5":{"name":"validateCommentContent","decl":{"start":{"line":160,"column":9},"end":{"line":160,"column":31}},"loc":{"start":{"line":160,"column":41},"end":{"line":209,"column":null}},"line":160},"6":{"name":"validatePaginationParams","decl":{"start":{"line":217,"column":9},"end":{"line":217,"column":33}},"loc":{"start":{"line":217,"column":50},"end":{"line":234,"column":null}},"line":217}},"branchMap":{"0":{"loc":{"start":{"line":9,"column":2},"end":{"line":9,"column":null}},"type":"if","locations":[{"start":{"line":9,"column":2},"end":{"line":9,"column":null}},{"start":{},"end":{}}],"line":9},"1":{"loc":{"start":{"line":56,"column":2},"end":{"line":56,"column":null}},"type":"if","locations":[{"start":{"line":56,"column":2},"end":{"line":56,"column":null}},{"start":{},"end":{}}],"line":56},"2":{"loc":{"start":{"line":73,"column":2},"end":{"line":75,"column":null}},"type":"if","locations":[{"start":{"line":73,"column":2},"end":{"line":75,"column":null}},{"start":{},"end":{}}],"line":73},"3":{"loc":{"start":{"line":79,"column":2},"end":{"line":85,"column":null}},"type":"if","locations":[{"start":{"line":79,"column":2},"end":{"line":85,"column":null}},{"start":{},"end":{}}],"line":79},"4":{"loc":{"start":{"line":87,"column":2},"end":{"line":93,"column":null}},"type":"if","locations":[{"start":{"line":87,"column":2},"end":{"line":93,"column":null}},{"start":{},"end":{}}],"line":87},"5":{"loc":{"start":{"line":96,"column":2},"end":{"line":102,"column":null}},"type":"if","locations":[{"start":{"line":96,"column":2},"end":{"line":102,"column":null}},{"start":{},"end":{}}],"line":96},"6":{"loc":{"start":{"line":113,"column":2},"end":{"line":115,"column":null}},"type":"if","locations":[{"start":{"line":113,"column":2},"end":{"line":115,"column":null}},{"start":{},"end":{}}],"line":113},"7":{"loc":{"start":{"line":117,"column":2},"end":{"line":119,"column":null}},"type":"if","locations":[{"start":{"line":117,"column":2},"end":{"line":119,"column":null}},{"start":{},"end":{}}],"line":117},"8":{"loc":{"start":{"line":121,"column":2},"end":{"line":123,"column":null}},"type":"if","locations":[{"start":{"line":121,"column":2},"end":{"line":123,"column":null}},{"start":{},"end":{}}],"line":121},"9":{"loc":{"start":{"line":128,"column":2},"end":{"line":130,"column":null}},"type":"if","locations":[{"start":{"line":128,"column":2},"end":{"line":130,"column":null}},{"start":{},"end":{}}],"line":128},"10":{"loc":{"start":{"line":128,"column":6},"end":{"line":128,"column":30}},"type":"binary-expr","locations":[{"start":{"line":128,"column":6},"end":{"line":128,"column":16}},{"start":{"line":128,"column":20},"end":{"line":128,"column":30}}],"line":128},"11":{"loc":{"start":{"line":141,"column":2},"end":{"line":143,"column":null}},"type":"if","locations":[{"start":{"line":141,"column":2},"end":{"line":143,"column":null}},{"start":{},"end":{}}],"line":141},"12":{"loc":{"start":{"line":148,"column":2},"end":{"line":150,"column":null}},"type":"if","locations":[{"start":{"line":148,"column":2},"end":{"line":150,"column":null}},{"start":{},"end":{}}],"line":148},"13":{"loc":{"start":{"line":161,"column":2},"end":{"line":168,"column":null}},"type":"if","locations":[{"start":{"line":161,"column":2},"end":{"line":168,"column":null}},{"start":{},"end":{}}],"line":161},"14":{"loc":{"start":{"line":172,"column":2},"end":{"line":179,"column":null}},"type":"if","locations":[{"start":{"line":172,"column":2},"end":{"line":179,"column":null}},{"start":{},"end":{}}],"line":172},"15":{"loc":{"start":{"line":181,"column":2},"end":{"line":188,"column":null}},"type":"if","locations":[{"start":{"line":181,"column":2},"end":{"line":188,"column":null}},{"start":{},"end":{}}],"line":181},"16":{"loc":{"start":{"line":194,"column":2},"end":{"line":201,"column":null}},"type":"if","locations":[{"start":{"line":194,"column":2},"end":{"line":201,"column":null}},{"start":{},"end":{}}],"line":194},"17":{"loc":{"start":{"line":218,"column":16},"end":{"line":218,"column":null}},"type":"binary-expr","locations":[{"start":{"line":218,"column":16},"end":{"line":218,"column":30}},{"start":{"line":218,"column":34},"end":{"line":218,"column":null}}],"line":218},"18":{"loc":{"start":{"line":219,"column":20},"end":{"line":219,"column":null}},"type":"binary-expr","locations":[{"start":{"line":219,"column":20},"end":{"line":219,"column":38}},{"start":{"line":219,"column":42},"end":{"line":219,"column":null}}],"line":219},"19":{"loc":{"start":{"line":221,"column":2},"end":{"line":223,"column":null}},"type":"if","locations":[{"start":{"line":221,"column":2},"end":{"line":223,"column":null}},{"start":{},"end":{}}],"line":221},"20":{"loc":{"start":{"line":225,"column":2},"end":{"line":227,"column":null}},"type":"if","locations":[{"start":{"line":225,"column":2},"end":{"line":227,"column":null}},{"start":{},"end":{}}],"line":225},"21":{"loc":{"start":{"line":225,"column":6},"end":{"line":225,"column":42}},"type":"binary-expr","locations":[{"start":{"line":225,"column":6},"end":{"line":225,"column":21}},{"start":{"line":225,"column":25},"end":{"line":225,"column":42}}],"line":225}},"s":{"0":1,"1":7,"2":3,"3":4,"4":7,"5":3,"6":4,"7":7,"8":1,"9":6,"10":6,"11":1,"12":5,"13":1,"14":4,"15":1,"16":3,"17":6,"18":1,"19":5,"20":1,"21":4,"22":1,"23":3,"24":3,"25":3,"26":2,"27":1,"28":1,"29":1,"30":3,"31":3,"32":3,"33":1,"34":2,"35":1,"36":1,"37":3,"38":3,"39":0,"40":3,"41":1,"42":2,"43":2,"44":2,"45":0,"46":2,"47":2,"48":4,"49":0,"50":4,"51":3,"52":2,"53":4,"54":1},"f":{"0":7,"1":7,"2":7,"3":6,"4":4,"5":4,"6":4},"b":{"0":[3,4],"1":[3,4],"2":[1,6],"3":[1,5],"4":[1,4],"5":[1,3],"6":[1,5],"7":[1,4],"8":[1,3],"9":[2,1],"10":[2,2],"11":[1,0],"12":[1,2],"13":[1,0],"14":[0,3],"15":[1,2],"16":[0,2],"17":[4,4],"18":[4,0],"19":[4,-4],"20":[2,1],"21":[3,2]},"meta":{"lastBranch":22,"lastFunction":7,"lastStatement":55,"seen":{"s:1:21:1:Infinity":0,"f:8:9:8:28":0,"b:9:2:9:Infinity:undefined:undefined:undefined:undefined":0,"s:9:2:9:Infinity":1,"s:9:13:9:Infinity":2,"s:11:2:47:Infinity":3,"f:55:9:55:28":1,"b:56:2:56:Infinity:undefined:undefined:undefined:undefined":1,"s:56:2:56:Infinity":4,"s:56:13:56:Infinity":5,"s:58:2:64:Infinity":6,"f:72:9:72:25":2,"b:73:2:75:Infinity:undefined:undefined:undefined:undefined":2,"s:73:2:75:Infinity":7,"s:74:4:74:Infinity":8,"s:77:18:77:Infinity":9,"b:79:2:85:Infinity:undefined:undefined:undefined:undefined":3,"s:79:2:85:Infinity":10,"s:80:4:84:Infinity":11,"b:87:2:93:Infinity:undefined:undefined:undefined:undefined":4,"s:87:2:93:Infinity":12,"s:88:4:92:Infinity":13,"b:96:2:102:Infinity:undefined:undefined:undefined:undefined":5,"s:96:2:102:Infinity":14,"s:97:4:101:Infinity":15,"s:104:2:104:Infinity":16,"f:112:9:112:25":3,"b:113:2:115:Infinity:undefined:undefined:undefined:undefined":6,"s:113:2:115:Infinity":17,"s:114:4:114:Infinity":18,"b:117:2:119:Infinity:undefined:undefined:undefined:undefined":7,"s:117:2:119:Infinity":19,"s:118:4:118:Infinity":20,"b:121:2:123:Infinity:undefined:undefined:undefined:undefined":8,"s:121:2:123:Infinity":21,"s:122:4:122:Infinity":22,"s:125:20:125:Infinity":23,"s:126:20:126:Infinity":24,"b:128:2:130:Infinity:undefined:undefined:undefined:undefined":9,"s:128:2:130:Infinity":25,"b:128:6:128:16:128:20:128:30":10,"s:129:4:129:Infinity":26,"s:132:2:132:Infinity":27,"f:140:9:140:22":4,"b:141:2:143:Infinity:undefined:undefined:undefined:undefined":11,"s:141:2:143:Infinity":28,"s:142:4:142:58":29,"s:145:18:145:Infinity":30,"s:146:21:146:Infinity":31,"b:148:2:150:Infinity:undefined:undefined:undefined:undefined":12,"s:148:2:150:Infinity":32,"s:149:4:149:Infinity":33,"s:152:2:152:Infinity":34,"f:160:9:160:31":5,"b:161:2:168:Infinity:undefined:undefined:undefined:undefined":13,"s:161:2:168:Infinity":35,"s:162:4:167:Infinity":36,"s:170:18:170:Infinity":37,"b:172:2:179:Infinity:undefined:undefined:undefined:undefined":14,"s:172:2:179:Infinity":38,"s:173:4:178:Infinity":39,"b:181:2:188:Infinity:undefined:undefined:undefined:undefined":15,"s:181:2:188:Infinity":40,"s:182:4:187:Infinity":41,"s:191:24:191:Infinity":42,"s:192:24:192:Infinity":43,"b:194:2:201:Infinity:undefined:undefined:undefined:undefined":16,"s:194:2:201:Infinity":44,"s:195:4:200:Infinity":45,"s:203:2:208:Infinity":46,"f:217:9:217:33":6,"s:218:16:218:Infinity":47,"b:218:16:218:30:218:34:218:Infinity":17,"s:219:20:219:Infinity":48,"b:219:20:219:38:219:42:219:Infinity":18,"b:221:2:223:Infinity:undefined:undefined:undefined:undefined":19,"s:221:2:223:Infinity":49,"s:222:4:222:Infinity":50,"b:225:2:227:Infinity:undefined:undefined:undefined:undefined":20,"s:225:2:227:Infinity":51,"b:225:6:225:21:225:25:225:42":21,"s:226:4:226:20":52,"s:229:2:233:Infinity":53,"s:236:0:244:Infinity":54}}}
}
